<?xml version="1.0" encoding="utf-8"?><testsuites name="pytest tests"><testsuite name="pytest" errors="0" failures="0" skipped="0" tests="30" time="4.228" timestamp="2026-08-29T23:44:44.781111+00:00" hostname="agent-env-7edfaced-6ece-4901-855c-e0f7980e7935"><testcase classname="tests.test_consent_security.TestConsentServerAuthoritative" name="test_forged_consent_text_on_add_is_ignored" time="0.364" /><testcase classname="tests.backend_test.TestWaitlistCrud" name="test_add_without_consent_then_consent_then_remove" time="0.839" /><testcase classname="tests.test_consent_security.TestConsentServerAuthoritative" name="test_forged_consent_text_on_record_consent_is_ignored" time="0.241" /><testcase classname="tests.test_consent_security.TestConsentServerAuthoritative" name="test_record_consent_without_body[nobody]" time="0.237" /><testcase classname="tests.backend_test.TestWaitlistCrud" name="test_add_with_consent_sets_server_timestamp" time="0.046" /><testcase classname="tests.test_consent_security.TestConsentServerAuthoritative" name="test_record_consent_without_body[empty]" time="0.281" /><testcase classname="tests.backend_test.TestWaitlistCrud" name="test_consent_given_without_text_rejected" time="0.047" /><testcase classname="tests.backend_test.TestWaitlistCrud" name="test_blank_name_rejected" time="0.044" /><testcase classname="tests.backend_test.TestWaitlistCrud" name="test_add_to_unknown_clinic_404" time="0.062" /><testcase classname="tests.backend_test.TestWaitlistCrud" name="test_consent_unknown_entry_404" time="0.044" /><testcase classname="tests.test_consent_security.TestWaitlistRegressions" name="test_seeded_counts" time="0.124" /><testcase classname="tests.test_consent_security.TestConsentServerAuthoritative" name="test_forged_consent_given_at_is_ignored" time="0.186" /><testcase classname="tests.test_consent_security.TestWaitlistRegressions" name="test_all_consented_rows_use_server_template" time="0.054" /><testcase classname="tests.test_consent_security.TestWaitlistRegressions" name="test_broadcast_seeded_slot" time="0.129" /><testcase classname="tests.test_consent_security.TestConsentServerAuthoritative" name="test_double_consent_conflict" time="0.231" /><testcase classname="tests.test_consent_security.TestWaitlistRegressions" name="test_duplicate_phone_409" time="0.221" /><testcase classname="tests.test_consent_security.TestWaitlistRegressions" name="test_readd_after_remove_has_null_consent" time="0.305" /><testcase classname="tests.backend_test.TestBroadcastConsentGate" name="test_non_consented_never_notified_and_consent_enables_exactly_one" time="0.979" /><testcase classname="tests.test_consent_security.TestWaitlistRegressions" name="test_no_price_tokens_in_waitlist_copy" time="0.054" /><testcase classname="tests.backend_test.TestSeededWaitlist" name="test_seeded_waitlist_shape" time="0.050" /><testcase classname="tests.backend_test.TestSeededWaitlist" name="test_unknown_clinic_waitlist_is_empty_list" time="0.049" /><testcase classname="tests.backend_test.TestSeededBroadcastRegression" name="test_seeded_broadcast_3_sent_1_failed" time="0.100" /><testcase classname="tests.backend_test.TestSeededBroadcastRegression" name="test_booked_slot_cannot_be_opened" time="0.048" /><testcase classname="tests.backend_test.TestReAddAfterRemove" name="test_add_remove_readd_same_phone_seeded_clinic" time="0.618" /><testcase classname="tests.backend_test.TestBroadcastConsentGate" name="test_failure_isolation_0000_hook" time="0.203" /><testcase classname="tests.backend_test.TestBroadcastConsentGate" name="test_no_price_tokens_in_message_body" time="0.189" /><testcase classname="tests.backend_test.TestReAddAfterRemove" name="test_readd_after_consented_removal_does_not_backfill_consent" time="0.302" /><testcase classname="tests.backend_test.TestSeededConsentCopy" name="test_seeded_consent_text_matches_frontend_copy" time="0.057" /><testcase classname="tests.test_choice_flow.TestChoiceFlow" name="test_refund_choice" time="0.411" /><testcase classname="tests.test_choice_flow.TestChoiceFlow" name="test_credit_choice" time="0.334" /></testsuite></testsuites>