<?xml version="1.0" encoding="utf-8"?><testsuites name="pytest tests"><testsuite name="pytest" errors="0" failures="0" skipped="0" tests="48" time="9.024" timestamp="2026-08-30T00:34:51.503961+00:00" hostname="agent-env-7edfaced-6ece-4901-855c-e0f7980e7935"><testcase classname="tests.test_consent_security.TestConsentServerAuthoritative" name="test_forged_consent_text_on_add_is_ignored" time="0.264" /><testcase classname="tests.backend_test.TestWaitlistCrud" name="test_add_without_consent_then_consent_then_remove" time="0.910" /><testcase classname="tests.test_consent_security.TestConsentServerAuthoritative" name="test_forged_consent_text_on_record_consent_is_ignored" time="0.206" /><testcase classname="tests.test_consent_security.TestConsentServerAuthoritative" name="test_record_consent_without_body[nobody]" time="0.210" /><testcase classname="tests.test_consent_security.TestConsentServerAuthoritative" name="test_record_consent_without_body[empty]" time="0.217" /><testcase classname="tests.test_consent_security.TestConsentServerAuthoritative" name="test_forged_consent_given_at_is_ignored" time="0.161" /><testcase classname="tests.backend_test.TestWaitlistCrud" name="test_add_with_consent_sets_server_timestamp" time="0.102" /><testcase classname="tests.backend_test.TestWaitlistCrud" name="test_consent_given_without_text_rejected" time="0.079" /><testcase classname="tests.test_consent_security.TestConsentServerAuthoritative" name="test_double_consent_conflict" time="0.241" /><testcase classname="tests.backend_test.TestWaitlistCrud" name="test_blank_name_rejected" time="0.060" /><testcase classname="tests.backend_test.TestWaitlistCrud" name="test_add_to_unknown_clinic_404" time="0.103" /><testcase classname="tests.backend_test.TestWaitlistCrud" name="test_consent_unknown_entry_404" time="0.065" /><testcase classname="tests.test_consent_security.TestWaitlistRegressions" name="test_seeded_counts" time="0.116" /><testcase classname="tests.test_consent_security.TestWaitlistRegressions" name="test_all_consented_rows_use_server_template" time="0.058" /><testcase classname="tests.test_consent_security.TestWaitlistRegressions" name="test_broadcast_seeded_slot" time="0.114" /><testcase classname="tests.test_consent_security.TestWaitlistRegressions" name="test_duplicate_phone_409" time="0.164" /><testcase classname="tests.test_razorpay_integration.TestWebhookSignature" name="test_wrong_signature_401" time="0.599" /><testcase classname="tests.test_consent_security.TestWaitlistRegressions" name="test_readd_after_remove_has_null_consent" time="0.242" /><testcase classname="tests.test_razorpay_integration.TestWebhookSignature" name="test_missing_signature_401" time="0.112" /><testcase classname="tests.test_consent_security.TestWaitlistRegressions" name="test_no_price_tokens_in_waitlist_copy" time="0.073" /><testcase classname="tests.test_razorpay_integration.TestWebhookSignature" name="test_valid_signature_lost_race_and_idempotency" time="1.350" /><testcase classname="tests.backend_test.TestBroadcastConsentGate" name="test_non_consented_never_notified_and_consent_enables_exactly_one" time="0.974" /><testcase classname="tests.backend_test.TestBroadcastConsentGate" name="test_failure_isolation_0000_hook" time="0.218" /><testcase classname="tests.backend_test.TestBroadcastConsentGate" name="test_no_price_tokens_in_message_body" time="0.233" /><testcase classname="tests.test_razorpay_integration.TestWebhookSignature" name="test_notes_only_correlation_no_toplevel_token" time="0.417" /><testcase classname="tests.test_razorpay_integration.TestRealOrderCreation" name="test_real_order_created" time="0.928" /><testcase classname="tests.test_razorpay_integration.TestWebhookSignature" name="test_missing_event_id_400" time="0.105" /><testcase classname="tests.backend_test.TestSeededWaitlist" name="test_seeded_waitlist_shape" time="0.097" /><testcase classname="tests.backend_test.TestSeededWaitlist" name="test_unknown_clinic_waitlist_is_empty_list" time="0.130" /><testcase classname="tests.backend_test.TestSeededBroadcastRegression" name="test_seeded_broadcast_3_sent_1_failed" time="0.270" /><testcase classname="tests.backend_test.TestSeededBroadcastRegression" name="test_booked_slot_cannot_be_opened" time="0.144" /><testcase classname="tests.test_razorpay_integration.TestRealOrderCreation" name="test_order_response_notes_include_checkout_token" time="0.876" /><testcase classname="tests.backend_test.TestReAddAfterRemove" name="test_add_remove_readd_same_phone_seeded_clinic" time="0.945" /><testcase classname="tests.test_razorpay_integration.TestRealOrderCreation" name="test_order_404_unknown_token" time="0.095" /><testcase classname="tests.test_choice_flow.TestChoiceFlow" name="test_refund_choice" time="0.500" /><testcase classname="tests.backend_test.TestReAddAfterRemove" name="test_readd_after_consented_removal_does_not_backfill_consent" time="0.412" /><testcase classname="tests.test_choice_flow.TestChoiceFlow" name="test_credit_choice" time="0.345" /><testcase classname="tests.test_iteration6_fixes.TestOrderErrorPaths" name="test_slot_not_open_409_structured" time="0.270" /><testcase classname="tests.test_iteration6_fixes.TestOrderErrorPaths" name="test_bad_token_404" time="0.054" /><testcase classname="tests.test_razorpay_integration.TestOrderRefusesStaleSlots" name="test_slot_not_open_after_booking" time="0.229" /><testcase classname="tests.test_iteration6_fixes.TestChoiceReloadPayload" name="test_refund_state_persisted" time="0.523" /><testcase classname="tests.test_razorpay_integration.TestOrderRefusesStaleSlots" name="test_expired_slot_order_410" time="0.456" /><testcase classname="tests.test_iteration6_fixes.TestChoiceReloadPayload" name="test_credit_state_persisted" time="0.560" /><testcase classname="tests.test_razorpay_integration.TestMockPayGating" name="test_mock_pay_forbidden_without_header" time="0.267" /><testcase classname="tests.test_razorpay_integration.TestMockPayGating" name="test_mock_pay_wrong_override_value" time="0.177" /><testcase classname="tests.backend_test.TestSeededConsentCopy" name="test_seeded_consent_text_matches_frontend_copy" time="0.058" /><testcase classname="tests.test_iteration6_fixes.TestMockPayGating" name="test_403_without_override_header" time="0.452" /><testcase classname="tests.test_iteration6_fixes.TestOrderNotesContract" name="test_order_notes_include_checkout_token" time="1.283" /></testsuite></testsuites>